<?xml version="1.0" encoding="UTF-8"?>
<!-- Generated by org.testng.reporters.JUnitXMLReporter -->
<testsuite hostname="LAPTOP-D3LBDK0S" ignored="0" name="Default test" tests="5" failures="0" timestamp="10 Mar 2019 07:19:17 GMT" time="0.036" errors="0">
  <testcase name="t1" time="0.004" classname="org.maven.automation.assign1.org.maven.automation.assign1.TNGunitClass1"/>
  <testcase name="t2" time="0.001" classname="org.maven.automation.assign1.org.maven.automation.assign1.TNGunitClass1"/>
  <testcase name="t3" time="0.001" classname="org.maven.automation.assign1.org.maven.automation.assign1.TNGunitClass1"/>
  <testcase name="t4" time="0.001" classname="org.maven.automation.assign1.org.maven.automation.assign1.TNGunitClass1"/>
  <testcase name="t5" time="0.0" classname="org.maven.automation.assign1.org.maven.automation.assign1.TNGunitClass1"/>
</testsuite> <!-- Default test -->
