<?xml version="1.0" encoding="UTF-8"?>
<!-- Generated by org.testng.reporters.JUnitXMLReporter -->
<testsuite hostname="LAPTOP-D3LBDK0S" ignored="0" name="Test" tests="7" failures="0" timestamp="10 Mar 2019 07:46:47 GMT" time="0.144" errors="0">
  <testcase name="m1 on m1(org.maven.automation.assign1.org.maven.automation.assign1.JunitClass2)" time="0.008" classname="org.maven.automation.assign1.org.maven.automation.assign1.JunitClass2"/>
  <testcase name="m2 on m2(org.maven.automation.assign1.org.maven.automation.assign1.JunitClass2)" time="0.01" classname="org.maven.automation.assign1.org.maven.automation.assign1.JunitClass2"/>
  <testcase name="t1 on t1(org.maven.automation.assign1.org.maven.automation.assign1.JunitClass1)" time="0.002" classname="org.maven.automation.assign1.org.maven.automation.assign1.JunitClass1"/>
  <testcase name="t2 on t2(org.maven.automation.assign1.org.maven.automation.assign1.JunitClass1)" time="0.004" classname="org.maven.automation.assign1.org.maven.automation.assign1.JunitClass1"/>
  <testcase name="t3 on t3(org.maven.automation.assign1.org.maven.automation.assign1.JunitClass1)" time="0.006" classname="org.maven.automation.assign1.org.maven.automation.assign1.JunitClass1"/>
  <testcase name="t4 on t4(org.maven.automation.assign1.org.maven.automation.assign1.JunitClass1)" time="0.008" classname="org.maven.automation.assign1.org.maven.automation.assign1.JunitClass1"/>
  <testcase name="t5 on t5(org.maven.automation.assign1.org.maven.automation.assign1.JunitClass1)" time="0.01" classname="org.maven.automation.assign1.org.maven.automation.assign1.JunitClass1"/>
</testsuite> <!-- Test -->
